0 info it worked if it ends with ok
1 verbose cli [ 'F:\\3deJaar\\Cursus\\WebAndMobile\\Week4\\syspath\\node.exe',
1 verbose cli   'F:\\3deJaar\\Cursus\\WebAndMobile\\Week4\\syspath\\node_modules\\npm\\bin\\npm-cli.js',
1 verbose cli   'start' ]
2 info using npm@3.10.8
3 info using node@v6.5.0
4 verbose run-script [ 'prestart', 'start', 'poststart' ]
5 info lifecycle WerkPakket3@1.0.0~prestart: WerkPakket3@1.0.0
6 silly lifecycle WerkPakket3@1.0.0~prestart: no script for prestart, continuing
7 info lifecycle WerkPakket3@1.0.0~start: WerkPakket3@1.0.0
8 verbose lifecycle WerkPakket3@1.0.0~start: unsafe-perm in lifecycle true
9 verbose lifecycle WerkPakket3@1.0.0~start: PATH: F:\3deJaar\Cursus\WebAndMobile\Week4\React\nvm\v6.5.0\node_modules\npm\bin\node-gyp-bin;f:\xampp\htdocs\GitHub\project_web_mobile\WerkPakket3\node_modules\.bin;C:\oraclexe\app\oracle\product\11.2.0\server\bin;C:\ProgramData\Oracle\Java\javapath;C:\Program Files\Java\jdk1.8.0_65\bin;C:\Users\Wasla\Desktop\apache-maven-3.3.9\bin;C:\Program Files\Microsoft\Web Platform Installer\;C:\Program Files\Microsoft DNX\Dnvm\;C:\Program Files (x86)\Microsoft SQL Server\Client SDK\ODBC\130\Tools\Binn\;C:\Program Files (x86)\Microsoft SQL Server\130\Tools\Binn\;C:\Program Files (x86)\Microsoft SQL Server\130\DTS\Binn\;F:\xampp\php;C:\bin;C:\WINDOWS\system32;C:\WINDOWS;C:\WINDOWS\System32\Wbem;C:\WINDOWS\System32\WindowsPowerShell\v1.0\;F:\3deJaar\Cursus\WebAndMobile\Week4\React\nvm;F:\3deJaar\Cursus\WebAndMobile\Week4\syspath;C:\Program Files (x86)\nodejs;C:\Users\Wasla\AppData\Local\GitHub\PortableGit_63435a79518b44808827aa3194b76bea96231189\cmd;F:\3deJaar\Cursus\I_Talent\Angular\;C:\Program Files (x86)\Git\cmd;C:\Program Files (x86)\Java\jre7\bin;%M2_HOME\bin;C:\Users\Wasla\AppData\Local\atom\bin;C:\Users\Wasla\AppData\Local\Microsoft\WindowsApps;F:\3deJaar\Cursus\WebAndMobile\Week4\React\nvm;F:\3deJaar\Cursus\WebAndMobile\Week4\syspath;F:\3deJaar\Cursus\WebAndMobile\Week4\Microsoft VS Code\bin;C:\Users\Wasla\AppData\Roaming\npm
10 verbose lifecycle WerkPakket3@1.0.0~start: CWD: f:\xampp\htdocs\GitHub\project_web_mobile\WerkPakket3
11 silly lifecycle WerkPakket3@1.0.0~start: Args: [ '/d /s /c', 'npm run webpack-server & npm run web-server' ]
12 verbose stack Error: kill ENOSYS
12 verbose stack     at exports._errnoException (util.js:1026:11)
12 verbose stack     at process.kill (internal/process.js:172:13)
12 verbose stack     at process.listener (F:\3deJaar\Cursus\WebAndMobile\Week4\React\nvm\v6.5.0\node_modules\npm\node_modules\npmlog\node_modules\gauge\node_modules\signal-exit\index.js:86:15)
12 verbose stack     at emitNone (events.js:91:20)
12 verbose stack     at process.emit (events.js:185:7)
12 verbose stack     at processEmit (F:\3deJaar\Cursus\WebAndMobile\Week4\React\nvm\v6.5.0\node_modules\npm\node_modules\npmlog\node_modules\gauge\node_modules\signal-exit\index.js:146:32)
12 verbose stack     at processEmit (F:\3deJaar\Cursus\WebAndMobile\Week4\React\nvm\v6.5.0\node_modules\npm\node_modules\npm-registry-client\node_modules\npmlog\node_modules\gauge\node_modules\signal-exit\index.js:146:32)
12 verbose stack     at Signal.wrap.onsignal (internal/process.js:199:44)
13 verbose cwd f:\xampp\htdocs\GitHub\project_web_mobile\WerkPakket3
14 error Windows_NT 10.0.14393
15 error argv "F:\\3deJaar\\Cursus\\WebAndMobile\\Week4\\syspath\\node.exe" "F:\\3deJaar\\Cursus\\WebAndMobile\\Week4\\syspath\\node_modules\\npm\\bin\\npm-cli.js" "start"
16 error node v6.5.0
17 error npm  v3.10.8
18 error code ENOSYS
19 error errno ENOSYS
20 error syscall kill
21 error kill ENOSYS
22 error If you need help, you may report this error at:
22 error     <https://github.com/npm/npm/issues>
23 verbose exit [ 1, true ]
